 
Ansoft HFSS Version 14.0.0, Build: 2011-10-22 21:03:32
Location: C:\Program Files\Ansoft\HFSS14.0\Win64\hfss.exe
Non Graphical Mode: No Project??
Starting Batch Run: 2:26:57 AM  Nov 15, 2018
Running as user: DESKTOP-K6646BG\DELL
Temp directory: C:\Users\DELL\AppData\Local\Temp
Project directory: C:\Users\DELL\Documents\Ansoft
[warning] Unable to find script file C:/Opt_files/temp/patch_antenna_gen_1_pop_15.vbs.
 
Ansoft HFSS Version 14.0.0, Build: 2011-10-22 21:03:32
Location: C:\Program Files\Ansoft\HFSS14.0\Win64\hfss.exe
Non Graphical Mode: No Project??
Starting Batch Run: 8:49:08 AM  Nov 15, 2018
Running as user: DESKTOP-K6646BG\DELL
Temp directory: C:\Users\DELL\AppData\Local\Temp
Project directory: C:\Users\DELL\Documents\Ansoft
[warning] Unable to find script file C:/Opt_files/temp/patch_antenna_gen_2_pop_15.vbs.
 
Ansoft HFSS Version 14.0.0, Build: 2011-10-22 21:03:32
Location: C:\Program Files\Ansoft\HFSS14.0\Win64\hfss.exe
Non Graphical Mode: No Project??
Starting Batch Run: 9:08:03 AM  Nov 15, 2018
Running as user: DESKTOP-K6646BG\DELL
Temp directory: C:\Users\DELL\AppData\Local\Temp
Project directory: C:\Users\DELL\Documents\Ansoft
[warning] Unable to find script file C:/Opt_files/temp/patch_antenna_gen_3_pop_15.vbs.
 
Ansoft HFSS Version 14.0.0, Build: 2011-10-22 21:03:32
Location: C:\Program Files\Ansoft\HFSS14.0\Win64\hfss.exe
Non Graphical Mode: No Project??
Starting Batch Run: 12:57:35 AM  Dec 05, 2018
Running as user: DESKTOP-K6646BG\DELL
Temp directory: C:\Users\DELL\AppData\Local\Temp
Project directory: C:\Users\DELL\Documents\Ansoft
[warning] Unable to find script file C:/Opt_files/temp/patch_antenna_gen_1_pop_5.vbs.
 
Ansoft HFSS Version 14.0.0, Build: 2011-10-22 21:03:32
Location: C:\Program Files\Ansoft\HFSS14.0\Win64\hfss.exe
Non Graphical Mode: No Project??
Starting Batch Run: 10:34:44 AM  Jan 26, 2019
Running as user: DESKTOP-K6646BG\DELL
Temp directory: C:\Users\DELL\AppData\Local\Temp
Project directory: C:\Users\DELL\Documents\Ansoft
[warning] Unable to find script file C:/Opt_files/temp/patch_antenna_gen_2_pop_10.vbs.
 
Ansoft HFSS Version 14.0.0, Build: 2011-10-22 21:03:32
Location: C:\Program Files\Ansoft\HFSS14.0\Win64\hfss.exe
Non Graphical Mode: No Project??
Starting Batch Run: 10:49:08 AM  Jan 26, 2019
Running as user: DESKTOP-K6646BG\DELL
Temp directory: C:\Users\DELL\AppData\Local\Temp
Project directory: C:\Users\DELL\Documents\Ansoft
[warning] Unable to find script file C:/Opt_files/temp/patch_antenna_gen_3_pop_10.vbs.
 
Ansoft HFSS Version 14.0.0, Build: 2011-10-22 21:03:32
Location: C:\Program Files\Ansoft\HFSS14.0\Win64\hfss.exe
Non Graphical Mode: No Project??
Starting Batch Run: 5:16:36 PM  Jan 26, 2019
Running as user: DESKTOP-K6646BG\DELL
Temp directory: C:\Users\DELL\AppData\Local\Temp
Project directory: C:\Users\DELL\Documents\Ansoft
[warning] Unable to find script file C:/Opt_files/temp/patch_antenna_gen_2_pop_10.vbs.
 
Ansoft HFSS Version 14.0.0, Build: 2011-10-22 21:03:32
Location: C:\Program Files\Ansoft\HFSS14.0\Win64\hfss.exe
Non Graphical Mode: No Project??
Starting Batch Run: 5:23:40 PM  Jan 26, 2019
Running as user: DESKTOP-K6646BG\DELL
Temp directory: C:\Users\DELL\AppData\Local\Temp
Project directory: C:\Users\DELL\Documents\Ansoft
[warning] Unable to find script file C:/Opt_files/temp/patch_antenna_gen_3_pop_10.vbs.
 
Ansoft HFSS Version 14.0.0, Build: 2011-10-22 21:03:32
Location: C:\Program Files\Ansoft\HFSS14.0\Win64\hfss.exe
Non Graphical Mode: No Project??
Starting Batch Run: 5:48:13 PM  Jan 26, 2019
Running as user: DESKTOP-K6646BG\DELL
Temp directory: C:\Users\DELL\AppData\Local\Temp
Project directory: C:\Users\DELL\Documents\Ansoft
[warning] Unable to find script file C:/Opt_files/temp/patch_antenna_gen_1_pop_15.vbs.
 
Ansoft HFSS Version 14.0.0, Build: 2011-10-22 21:03:32
Location: C:\Program Files\Ansoft\HFSS14.0\Win64\hfss.exe
Non Graphical Mode: No Project??
Starting Batch Run: 6:05:42 PM  Jan 26, 2019
Running as user: DESKTOP-K6646BG\DELL
Temp directory: C:\Users\DELL\AppData\Local\Temp
Project directory: C:\Users\DELL\Documents\Ansoft
[warning] Unable to find script file C:/Opt_files/temp/patch_antenna_gen_2_pop_15.vbs.
 
Ansoft HFSS Version 14.0.0, Build: 2011-10-22 21:03:32
Location: C:\Program Files\Ansoft\HFSS14.0\Win64\hfss.exe
Non Graphical Mode: No Project??
Starting Batch Run: 6:21:16 PM  Jan 26, 2019
Running as user: DESKTOP-K6646BG\DELL
Temp directory: C:\Users\DELL\AppData\Local\Temp
Project directory: C:\Users\DELL\Documents\Ansoft
[warning] Unable to find script file C:/Opt_files/temp/patch_antenna_gen_3_pop_15.vbs.
 
Ansoft HFSS Version 14.0.0, Build: 2011-10-22 21:03:32
Location: C:\Program Files\Ansoft\HFSS14.0\Win64\hfss.exe
Non Graphical Mode: No Project??
Starting Batch Run: 6:32:21 PM  Jan 26, 2019
Running as user: DESKTOP-K6646BG\DELL
Temp directory: C:\Users\DELL\AppData\Local\Temp
Project directory: C:\Users\DELL\Documents\Ansoft
[warning] Unable to find script file C:/Opt_files/temp/patch_antenna_gen_4_pop_15.vbs.
 
Ansoft HFSS Version 14.0.0, Build: 2011-10-22 21:03:32
Location: C:\Program Files\Ansoft\HFSS14.0\Win64\hfss.exe
Non Graphical Mode: No Project??
Starting Batch Run: 6:43:20 PM  Jan 26, 2019
Running as user: DESKTOP-K6646BG\DELL
Temp directory: C:\Users\DELL\AppData\Local\Temp
Project directory: C:\Users\DELL\Documents\Ansoft
[warning] Unable to find script file C:/Opt_files/temp/patch_antenna_gen_5_pop_15.vbs.
 
Ansoft HFSS Version 14.0.0, Build: 2011-10-22 21:03:32
Location: C:\Program Files\Ansoft\HFSS14.0\Win64\hfss.exe
Non Graphical Mode: No Project??
Starting Batch Run: 6:54:37 PM  Jan 26, 2019
Running as user: DESKTOP-K6646BG\DELL
Temp directory: C:\Users\DELL\AppData\Local\Temp
Project directory: C:\Users\DELL\Documents\Ansoft
[warning] Unable to find script file C:/Opt_files/temp/patch_antenna_gen_6_pop_15.vbs.
 
Ansoft HFSS Version 14.0.0, Build: 2011-10-22 21:03:32
Location: C:\Program Files\Ansoft\HFSS14.0\Win64\hfss.exe
Non Graphical Mode: No Project??
Starting Batch Run: 7:03:59 PM  Jan 26, 2019
Running as user: DESKTOP-K6646BG\DELL
Temp directory: C:\Users\DELL\AppData\Local\Temp
Project directory: C:\Users\DELL\Documents\Ansoft
[warning] Unable to find script file C:/Opt_files/temp/patch_antenna_gen_7_pop_15.vbs.
 
Ansoft HFSS Version 14.0.0, Build: 2011-10-22 21:03:32
Location: C:\Program Files\Ansoft\HFSS14.0\Win64\hfss.exe
Non Graphical Mode: No Project??
Starting Batch Run: 7:24:31 PM  Jan 26, 2019
Running as user: DESKTOP-K6646BG\DELL
Temp directory: C:\Users\DELL\AppData\Local\Temp
Project directory: C:\Users\DELL\Documents\Ansoft
[warning] Unable to find script file C:/Opt_files/temp/patch_antenna_gen_1_pop_15.vbs.
 
Ansoft HFSS Version 14.0.0, Build: 2011-10-22 21:03:32
Location: C:\Program Files\Ansoft\HFSS14.0\Win64\hfss.exe
Non Graphical Mode: No Project??
Starting Batch Run: 7:40:54 PM  Jan 26, 2019
Running as user: DESKTOP-K6646BG\DELL
Temp directory: C:\Users\DELL\AppData\Local\Temp
Project directory: C:\Users\DELL\Documents\Ansoft
[warning] Unable to find script file C:/Opt_files/temp/patch_antenna_gen_2_pop_15.vbs.
 
Ansoft HFSS Version 14.0.0, Build: 2011-10-22 21:03:32
Location: C:\Program Files\Ansoft\HFSS14.0\Win64\hfss.exe
Non Graphical Mode: No Project??
Starting Batch Run: 7:51:44 PM  Jan 26, 2019
Running as user: DESKTOP-K6646BG\DELL
Temp directory: C:\Users\DELL\AppData\Local\Temp
Project directory: C:\Users\DELL\Documents\Ansoft
[warning] Unable to find script file C:/Opt_files/temp/patch_antenna_gen_3_pop_15.vbs.
 
Ansoft HFSS Version 14.0.0, Build: 2011-10-22 21:03:32
Location: C:\Program Files\Ansoft\HFSS14.0\Win64\hfss.exe
Non Graphical Mode: No Project??
Starting Batch Run: 8:07:50 PM  Jan 26, 2019
Running as user: DESKTOP-K6646BG\DELL
Temp directory: C:\Users\DELL\AppData\Local\Temp
Project directory: C:\Users\DELL\Documents\Ansoft
[warning] Unable to find script file C:/Opt_files/temp/patch_antenna_gen_4_pop_15.vbs.
 
Ansoft HFSS Version 14.0.0, Build: 2011-10-22 21:03:32
Location: C:\Program Files\Ansoft\HFSS14.0\Win64\hfss.exe
Non Graphical Mode: No Project??
Starting Batch Run: 8:19:11 PM  Jan 26, 2019
Running as user: DESKTOP-K6646BG\DELL
Temp directory: C:\Users\DELL\AppData\Local\Temp
Project directory: C:\Users\DELL\Documents\Ansoft
[warning] Unable to find script file C:/Opt_files/temp/patch_antenna_gen_5_pop_15.vbs.
 
Ansoft HFSS Version 14.0.0, Build: 2011-10-22 21:03:32
Location: C:\Program Files\Ansoft\HFSS14.0\Win64\hfss.exe
Non Graphical Mode: No Project??
Starting Batch Run: 8:43:20 PM  Jan 26, 2019
Running as user: DESKTOP-K6646BG\DELL
Temp directory: C:\Users\DELL\AppData\Local\Temp
Project directory: C:\Users\DELL\Documents\Ansoft
[warning] Unable to find script file C:/Opt_files/temp/patch_antenna_gen_6_pop_15.vbs.
 
Ansoft HFSS Version 14.0.0, Build: 2011-10-22 21:03:32
Location: C:\Program Files\Ansoft\HFSS14.0\Win64\hfss.exe
Non Graphical Mode: No Project??
Starting Batch Run: 9:34:29 PM  Jan 26, 2019
Running as user: DESKTOP-K6646BG\DELL
Temp directory: C:\Users\DELL\AppData\Local\Temp
Project directory: C:\Users\DELL\Documents\Ansoft
[warning] Unable to find script file C:/Opt_files/temp/patch_antenna_gen_1_pop_15.vbs.
 
Ansoft HFSS Version 14.0.0, Build: 2011-10-22 21:03:32
Location: C:\Program Files\Ansoft\HFSS14.0\Win64\hfss.exe
Non Graphical Mode: No Project??
Starting Batch Run: 9:49:40 PM  Jan 26, 2019
Running as user: DESKTOP-K6646BG\DELL
Temp directory: C:\Users\DELL\AppData\Local\Temp
Project directory: C:\Users\DELL\Documents\Ansoft
[warning] Unable to find script file C:/Opt_files/temp/patch_antenna_gen_2_pop_15.vbs.
 
Ansoft HFSS Version 14.0.0, Build: 2011-10-22 21:03:32
Location: C:\Program Files\Ansoft\HFSS14.0\Win64\hfss.exe
Non Graphical Mode: No Project??
Starting Batch Run: 10:04:28 PM  Jan 26, 2019
Running as user: DESKTOP-K6646BG\DELL
Temp directory: C:\Users\DELL\AppData\Local\Temp
Project directory: C:\Users\DELL\Documents\Ansoft
[warning] Unable to find script file C:/Opt_files/temp/patch_antenna_gen_3_pop_15.vbs.
 
Ansoft HFSS Version 14.0.0, Build: 2011-10-22 21:03:32
Location: C:\Program Files\Ansoft\HFSS14.0\Win64\hfss.exe
Non Graphical Mode: No Project??
Starting Batch Run: 10:21:56 PM  Jan 26, 2019
Running as user: DESKTOP-K6646BG\DELL
Temp directory: C:\Users\DELL\AppData\Local\Temp
Project directory: C:\Users\DELL\Documents\Ansoft
[warning] Unable to find script file C:/Opt_files/temp/patch_antenna_gen_4_pop_15.vbs.
 
Ansoft HFSS Version 14.0.0, Build: 2011-10-22 21:03:32
Location: C:\Program Files\Ansoft\HFSS14.0\Win64\hfss.exe
Non Graphical Mode: No Project??
Starting Batch Run: 10:36:37 PM  Jan 26, 2019
Running as user: DESKTOP-K6646BG\DELL
Temp directory: C:\Users\DELL\AppData\Local\Temp
Project directory: C:\Users\DELL\Documents\Ansoft
[warning] Unable to find script file C:/Opt_files/temp/patch_antenna_gen_5_pop_15.vbs.
 
Ansoft HFSS Version 14.0.0, Build: 2011-10-22 21:03:32
Location: C:\Program Files\Ansoft\HFSS14.0\Win64\hfss.exe
Non Graphical Mode: No Project??
Starting Batch Run: 10:52:07 PM  Jan 26, 2019
Running as user: DESKTOP-K6646BG\DELL
Temp directory: C:\Users\DELL\AppData\Local\Temp
Project directory: C:\Users\DELL\Documents\Ansoft
[warning] Unable to find script file C:/Opt_files/temp/patch_antenna_gen_6_pop_15.vbs.
 
Ansoft HFSS Version 14.0.0, Build: 2011-10-22 21:03:32
Location: C:\Program Files\Ansoft\HFSS14.0\Win64\hfss.exe
Non Graphical Mode: No Project??
Starting Batch Run: 11:03:42 PM  Jan 26, 2019
Running as user: DESKTOP-K6646BG\DELL
Temp directory: C:\Users\DELL\AppData\Local\Temp
Project directory: C:\Users\DELL\Documents\Ansoft
[warning] Unable to find script file C:/Opt_files/temp/patch_antenna_gen_7_pop_15.vbs.
 
Ansoft HFSS Version 14.0.0, Build: 2011-10-22 21:03:32
Location: C:\Program Files\Ansoft\HFSS14.0\Win64\hfss.exe
Non Graphical Mode: No Project??
Starting Batch Run: 11:23:54 PM  Jan 26, 2019
Running as user: DESKTOP-K6646BG\DELL
Temp directory: C:\Users\DELL\AppData\Local\Temp
Project directory: C:\Users\DELL\Documents\Ansoft
[warning] Unable to find script file C:/Opt_files/temp/patch_antenna_gen_8_pop_15.vbs.
 
Ansoft HFSS Version 14.0.0, Build: 2011-10-22 21:03:32
Location: C:\Program Files\Ansoft\HFSS14.0\Win64\hfss.exe
Non Graphical Mode: No Project??
Starting Batch Run: 11:46:34 PM  Jan 26, 2019
Running as user: DESKTOP-K6646BG\DELL
Temp directory: C:\Users\DELL\AppData\Local\Temp
Project directory: C:\Users\DELL\Documents\Ansoft
[warning] Unable to find script file C:/Opt_files/temp/patch_antenna_gen_9_pop_15.vbs.
 
Ansoft HFSS Version 14.0.0, Build: 2011-10-22 21:03:32
Location: C:\Program Files\Ansoft\HFSS14.0\Win64\hfss.exe
Non Graphical Mode: No Project??
Starting Batch Run: 12:44:15 AM  Jan 27, 2019
Running as user: DESKTOP-K6646BG\DELL
Temp directory: C:\Users\DELL\AppData\Local\Temp
Project directory: C:\Users\DELL\Documents\Ansoft
[warning] Unable to find script file C:/Opt_files/temp/patch_antenna_gen_2_pop_10.vbs.
 
Ansoft HFSS Version 14.0.0, Build: 2011-10-22 21:03:32
Location: C:\Program Files\Ansoft\HFSS14.0\Win64\hfss.exe
Non Graphical Mode: No Project??
Starting Batch Run: 12:51:37 AM  Jan 27, 2019
Running as user: DESKTOP-K6646BG\DELL
Temp directory: C:\Users\DELL\AppData\Local\Temp
Project directory: C:\Users\DELL\Documents\Ansoft
[warning] Unable to find script file C:/Opt_files/temp/patch_antenna_gen_3_pop_10.vbs.
 
Ansoft HFSS Version 14.0.0, Build: 2011-10-22 21:03:32
Location: C:\Program Files\Ansoft\HFSS14.0\Win64\hfss.exe
Non Graphical Mode: No Project??
Starting Batch Run: 12:59:14 AM  Jan 27, 2019
Running as user: DESKTOP-K6646BG\DELL
Temp directory: C:\Users\DELL\AppData\Local\Temp
Project directory: C:\Users\DELL\Documents\Ansoft
[warning] Unable to find script file C:/Opt_files/temp/patch_antenna_gen_4_pop_10.vbs.
 
Ansoft HFSS Version 14.0.0, Build: 2011-10-22 21:03:32
Location: C:\Program Files\Ansoft\HFSS14.0\Win64\hfss.exe
Non Graphical Mode: No Project??
Starting Batch Run: 1:06:27 AM  Jan 27, 2019
Running as user: DESKTOP-K6646BG\DELL
Temp directory: C:\Users\DELL\AppData\Local\Temp
Project directory: C:\Users\DELL\Documents\Ansoft
[warning] Unable to find script file C:/Opt_files/temp/patch_antenna_gen_5_pop_10.vbs.
 
Ansoft HFSS Version 14.0.0, Build: 2011-10-22 21:03:32
Location: C:\Program Files\Ansoft\HFSS14.0\Win64\hfss.exe
Non Graphical Mode: No Project??
Starting Batch Run: 1:14:13 AM  Jan 27, 2019
Running as user: DESKTOP-K6646BG\DELL
Temp directory: C:\Users\DELL\AppData\Local\Temp
Project directory: C:\Users\DELL\Documents\Ansoft
[warning] Unable to find script file C:/Opt_files/temp/patch_antenna_gen_6_pop_10.vbs.
 
Ansoft HFSS Version 14.0.0, Build: 2011-10-22 21:03:32
Location: C:\Program Files\Ansoft\HFSS14.0\Win64\hfss.exe
Non Graphical Mode: No Project??
Starting Batch Run: 1:27:10 AM  Jan 27, 2019
Running as user: DESKTOP-K6646BG\DELL
Temp directory: C:\Users\DELL\AppData\Local\Temp
Project directory: C:\Users\DELL\Documents\Ansoft
[warning] Unable to find script file C:/Opt_files/temp/patch_antenna_gen_7_pop_10.vbs.
 
Ansoft HFSS Version 14.0.0, Build: 2011-10-22 21:03:32
Location: C:\Program Files\Ansoft\HFSS14.0\Win64\hfss.exe
Non Graphical Mode: No Project??
Starting Batch Run: 1:33:38 AM  Jan 27, 2019
Running as user: DESKTOP-K6646BG\DELL
Temp directory: C:\Users\DELL\AppData\Local\Temp
Project directory: C:\Users\DELL\Documents\Ansoft
[warning] Unable to find script file C:/Opt_files/temp/patch_antenna_gen_8_pop_10.vbs.
 
Ansoft HFSS Version 14.0.0, Build: 2011-10-22 21:03:32
Location: C:\Program Files\Ansoft\HFSS14.0\Win64\hfss.exe
Non Graphical Mode: No Project??
Starting Batch Run: 1:54:30 AM  Jan 27, 2019
Running as user: DESKTOP-K6646BG\DELL
Temp directory: C:\Users\DELL\AppData\Local\Temp
Project directory: C:\Users\DELL\Documents\Ansoft
[warning] Unable to find script file C:/Opt_files/temp/patch_antenna_gen_2_pop_10.vbs.
 
Ansoft HFSS Version 14.0.0, Build: 2011-10-22 21:03:32
Location: C:\Program Files\Ansoft\HFSS14.0\Win64\hfss.exe
Non Graphical Mode: No Project??
Starting Batch Run: 2:04:03 AM  Jan 27, 2019
Running as user: DESKTOP-K6646BG\DELL
Temp directory: C:\Users\DELL\AppData\Local\Temp
Project directory: C:\Users\DELL\Documents\Ansoft
[warning] Unable to find script file C:/Opt_files/temp/patch_antenna_gen_3_pop_10.vbs.
 
Ansoft HFSS Version 14.0.0, Build: 2011-10-22 21:03:32
Location: C:\Program Files\Ansoft\HFSS14.0\Win64\hfss.exe
Non Graphical Mode: No Project??
Starting Batch Run: 2:12:21 AM  Jan 27, 2019
Running as user: DESKTOP-K6646BG\DELL
Temp directory: C:\Users\DELL\AppData\Local\Temp
Project directory: C:\Users\DELL\Documents\Ansoft
[warning] Unable to find script file C:/Opt_files/temp/patch_antenna_gen_4_pop_10.vbs.
 
Ansoft HFSS Version 14.0.0, Build: 2011-10-22 21:03:32
Location: C:\Program Files\Ansoft\HFSS14.0\Win64\hfss.exe
Non Graphical Mode: No Project??
Starting Batch Run: 2:19:26 AM  Jan 27, 2019
Running as user: DESKTOP-K6646BG\DELL
Temp directory: C:\Users\DELL\AppData\Local\Temp
Project directory: C:\Users\DELL\Documents\Ansoft
[warning] Unable to find script file C:/Opt_files/temp/patch_antenna_gen_5_pop_10.vbs.
 
Ansoft HFSS Version 14.0.0, Build: 2011-10-22 21:03:32
Location: C:\Program Files\Ansoft\HFSS14.0\Win64\hfss.exe
Non Graphical Mode: No Project??
Starting Batch Run: 2:27:15 AM  Jan 27, 2019
Running as user: DESKTOP-K6646BG\DELL
Temp directory: C:\Users\DELL\AppData\Local\Temp
Project directory: C:\Users\DELL\Documents\Ansoft
[warning] Unable to find script file C:/Opt_files/temp/patch_antenna_gen_6_pop_10.vbs.
 
Ansoft HFSS Version 14.0.0, Build: 2011-10-22 21:03:32
Location: C:\Program Files\Ansoft\HFSS14.0\Win64\hfss.exe
Non Graphical Mode: No Project??
Starting Batch Run: 2:40:09 AM  Jan 27, 2019
Running as user: DESKTOP-K6646BG\DELL
Temp directory: C:\Users\DELL\AppData\Local\Temp
Project directory: C:\Users\DELL\Documents\Ansoft
[warning] Unable to find script file C:/Opt_files/temp/patch_antenna_gen_7_pop_10.vbs.
 
Ansoft HFSS Version 14.0.0, Build: 2011-10-22 21:03:32
Location: C:\Program Files\Ansoft\HFSS14.0\Win64\hfss.exe
Non Graphical Mode: No Project??
Starting Batch Run: 2:48:43 AM  Jan 27, 2019
Running as user: DESKTOP-K6646BG\DELL
Temp directory: C:\Users\DELL\AppData\Local\Temp
Project directory: C:\Users\DELL\Documents\Ansoft
[warning] Unable to find script file C:/Opt_files/temp/patch_antenna_gen_8_pop_10.vbs.
 
Ansoft HFSS Version 14.0.0, Build: 2011-10-22 21:03:32
Location: C:\Program Files\Ansoft\HFSS14.0\Win64\hfss.exe
Non Graphical Mode: No Project??
Starting Batch Run: 2:58:22 AM  Jan 27, 2019
Running as user: DESKTOP-K6646BG\DELL
Temp directory: C:\Users\DELL\AppData\Local\Temp
Project directory: C:\Users\DELL\Documents\Ansoft
[warning] Unable to find script file C:/Opt_files/temp/patch_antenna_gen_9_pop_10.vbs.
 
Ansoft HFSS Version 14.0.0, Build: 2011-10-22 21:03:32
Location: C:\Program Files\Ansoft\HFSS14.0\Win64\hfss.exe
Non Graphical Mode: No Project??
Starting Batch Run: 3:10:44 AM  Jan 27, 2019
Running as user: DESKTOP-K6646BG\DELL
Temp directory: C:\Users\DELL\AppData\Local\Temp
Project directory: C:\Users\DELL\Documents\Ansoft
[warning] Unable to find script file C:/Opt_files/temp/patch_antenna_gen_10_pop_10.vbs.
 
Ansoft HFSS Version 14.0.0, Build: 2011-10-22 21:03:32
Location: C:\Program Files\Ansoft\HFSS14.0\Win64\hfss.exe
Non Graphical Mode: No Project??
Starting Batch Run: 3:19:48 AM  Jan 27, 2019
Running as user: DESKTOP-K6646BG\DELL
Temp directory: C:\Users\DELL\AppData\Local\Temp
Project directory: C:\Users\DELL\Documents\Ansoft
[warning] Unable to find script file C:/Opt_files/temp/patch_antenna_gen_11_pop_10.vbs.
 
Ansoft HFSS Version 14.0.0, Build: 2011-10-22 21:03:32
Location: C:\Program Files\Ansoft\HFSS14.0\Win64\hfss.exe
Non Graphical Mode: No Project??
Starting Batch Run: 3:29:21 AM  Jan 27, 2019
Running as user: DESKTOP-K6646BG\DELL
Temp directory: C:\Users\DELL\AppData\Local\Temp
Project directory: C:\Users\DELL\Documents\Ansoft
[warning] Unable to find script file C:/Opt_files/temp/patch_antenna_gen_12_pop_10.vbs.
 
Ansoft HFSS Version 14.0.0, Build: 2011-10-22 21:03:32
Location: C:\Program Files\Ansoft\HFSS14.0\Win64\hfss.exe
Non Graphical Mode: No Project??
Starting Batch Run: 3:55:07 AM  Jan 27, 2019
Running as user: DESKTOP-K6646BG\DELL
Temp directory: C:\Users\DELL\AppData\Local\Temp
Project directory: C:\Users\DELL\Documents\Ansoft
[warning] Unable to find script file C:/Opt_files/temp/patch_antenna_gen_1_pop_5.vbs.
 
Ansoft HFSS Version 14.0.0, Build: 2011-10-22 21:03:32
Location: C:\Program Files\Ansoft\HFSS14.0\Win64\hfss.exe
Non Graphical Mode: No Project??
Starting Batch Run: 3:57:50 AM  Jan 27, 2019
Running as user: DESKTOP-K6646BG\DELL
Temp directory: C:\Users\DELL\AppData\Local\Temp
Project directory: C:\Users\DELL\Documents\Ansoft
[warning] Unable to find script file C:/Opt_files/temp/patch_antenna_gen_1_pop_5.vbs.
 
Ansoft HFSS Version 14.0.0, Build: 2011-10-22 21:03:32
Location: C:\Program Files\Ansoft\HFSS14.0\Win64\hfss.exe
Non Graphical Mode: No Project??
Starting Batch Run: 4:00:20 AM  Jan 27, 2019
Running as user: DESKTOP-K6646BG\DELL
Temp directory: C:\Users\DELL\AppData\Local\Temp
Project directory: C:\Users\DELL\Documents\Ansoft
[warning] Unable to find script file C:/Opt_files/temp/patch_antenna_gen_1_pop_5.vbs.
 
Ansoft HFSS Version 14.0.0, Build: 2011-10-22 21:03:32
Location: C:\Program Files\Ansoft\HFSS14.0\Win64\hfss.exe
Non Graphical Mode: No Project??
Starting Batch Run: 4:26:44 AM  Jan 27, 2019
Running as user: DESKTOP-K6646BG\DELL
Temp directory: C:\Users\DELL\AppData\Local\Temp
Project directory: C:\Users\DELL\Documents\Ansoft
[warning] Unable to find script file C:/Opt_files/temp/patch_antenna_gen_2_pop_12.vbs.
 
Ansoft HFSS Version 14.0.0, Build: 2011-10-22 21:03:32
Location: C:\Program Files\Ansoft\HFSS14.0\Win64\hfss.exe
Non Graphical Mode: No Project??
Starting Batch Run: 4:35:10 AM  Jan 27, 2019
Running as user: DESKTOP-K6646BG\DELL
Temp directory: C:\Users\DELL\AppData\Local\Temp
Project directory: C:\Users\DELL\Documents\Ansoft
[warning] Unable to find script file C:/Opt_files/temp/patch_antenna_gen_3_pop_12.vbs.
 
Ansoft HFSS Version 14.0.0, Build: 2011-10-22 21:03:32
Location: C:\Program Files\Ansoft\HFSS14.0\Win64\hfss.exe
Non Graphical Mode: No Project??
Starting Batch Run: 4:47:05 AM  Jan 27, 2019
Running as user: DESKTOP-K6646BG\DELL
Temp directory: C:\Users\DELL\AppData\Local\Temp
Project directory: C:\Users\DELL\Documents\Ansoft
[warning] Unable to find script file C:/Opt_files/temp/patch_antenna_gen_4_pop_12.vbs.
 
Ansoft HFSS Version 14.0.0, Build: 2011-10-22 21:03:32
Location: C:\Program Files\Ansoft\HFSS14.0\Win64\hfss.exe
Non Graphical Mode: No Project??
Starting Batch Run: 5:10:48 AM  Jan 27, 2019
Running as user: DESKTOP-K6646BG\DELL
Temp directory: C:\Users\DELL\AppData\Local\Temp
Project directory: C:\Users\DELL\Documents\Ansoft
[warning] Unable to find script file C:/Opt_files/temp/patch_antenna_gen_5_pop_12.vbs.
 
Ansoft HFSS Version 14.0.0, Build: 2011-10-22 21:03:32
Location: C:\Program Files\Ansoft\HFSS14.0\Win64\hfss.exe
Non Graphical Mode: No Project??
Starting Batch Run: 5:24:06 AM  Jan 27, 2019
Running as user: DESKTOP-K6646BG\DELL
Temp directory: C:\Users\DELL\AppData\Local\Temp
Project directory: C:\Users\DELL\Documents\Ansoft
[warning] Unable to find script file C:/Opt_files/temp/patch_antenna_gen_6_pop_12.vbs.
 
Ansoft HFSS Version 14.0.0, Build: 2011-10-22 21:03:32
Location: C:\Program Files\Ansoft\HFSS14.0\Win64\hfss.exe
Non Graphical Mode: No Project??
Starting Batch Run: 5:35:17 AM  Jan 27, 2019
Running as user: DESKTOP-K6646BG\DELL
Temp directory: C:\Users\DELL\AppData\Local\Temp
Project directory: C:\Users\DELL\Documents\Ansoft
[warning] Unable to find script file C:/Opt_files/temp/patch_antenna_gen_7_pop_12.vbs.
 
Ansoft HFSS Version 14.0.0, Build: 2011-10-22 21:03:32
Location: C:\Program Files\Ansoft\HFSS14.0\Win64\hfss.exe
Non Graphical Mode: No Project??
Starting Batch Run: 5:47:24 AM  Jan 27, 2019
Running as user: DESKTOP-K6646BG\DELL
Temp directory: C:\Users\DELL\AppData\Local\Temp
Project directory: C:\Users\DELL\Documents\Ansoft
[warning] Unable to find script file C:/Opt_files/temp/patch_antenna_gen_8_pop_12.vbs.
-- Message Window --
      *Global - Messages
        [warning] The application could not resolve the IP address of this machine: remote analysis and remote distributed analysis will not work.
-- Message Window --
 
Ansoft HFSS Version 14.0.0, Build: 2011-10-22 21:03:32
Location: C:\Program Files\Ansoft\HFSS14.0\Win64\hfss.exe
Non Graphical Mode: No Project??
Starting Batch Run: 6:08:00 AM  Jan 27, 2019
Running as user: DESKTOP-K6646BG\DELL
Temp directory: C:\Users\DELL\AppData\Local\Temp
Project directory: C:\Users\DELL\Documents\Ansoft
[warning] Unable to find script file C:/Opt_files/temp/patch_antenna_gen_9_pop_12.vbs.
 
Ansoft HFSS Version 14.0.0, Build: 2011-10-22 21:03:32
Location: C:\Program Files\Ansoft\HFSS14.0\Win64\hfss.exe
Non Graphical Mode: No Project??
Starting Batch Run: 6:17:21 AM  Jan 27, 2019
Running as user: DESKTOP-K6646BG\DELL
Temp directory: C:\Users\DELL\AppData\Local\Temp
Project directory: C:\Users\DELL\Documents\Ansoft
[warning] Unable to find script file C:/Opt_files/temp/patch_antenna_gen_10_pop_12.vbs.
 
Ansoft HFSS Version 14.0.0, Build: 2011-10-22 21:03:32
Location: C:\Program Files\Ansoft\HFSS14.0\Win64\hfss.exe
Non Graphical Mode: No Project??
Starting Batch Run: 6:26:31 AM  Jan 27, 2019
Running as user: DESKTOP-K6646BG\DELL
Temp directory: C:\Users\DELL\AppData\Local\Temp
Project directory: C:\Users\DELL\Documents\Ansoft
[warning] Unable to find script file C:/Opt_files/temp/patch_antenna_gen_11_pop_12.vbs.
 
Ansoft HFSS Version 14.0.0, Build: 2011-10-22 21:03:32
Location: C:\Program Files\Ansoft\HFSS14.0\Win64\hfss.exe
Non Graphical Mode: No Project??
Starting Batch Run: 6:42:27 AM  Jan 27, 2019
Running as user: DESKTOP-K6646BG\DELL
Temp directory: C:\Users\DELL\AppData\Local\Temp
Project directory: C:\Users\DELL\Documents\Ansoft
[warning] Unable to find script file C:/Opt_files/temp/patch_antenna_gen_12_pop_12.vbs.
 
Ansoft HFSS Version 14.0.0, Build: 2011-10-22 21:03:32
Location: C:\Program Files\Ansoft\HFSS14.0\Win64\hfss.exe
Non Graphical Mode: No Project??
Starting Batch Run: 6:56:07 AM  Jan 27, 2019
Running as user: DESKTOP-K6646BG\DELL
Temp directory: C:\Users\DELL\AppData\Local\Temp
Project directory: C:\Users\DELL\Documents\Ansoft
[warning] Unable to find script file C:/Opt_files/temp/patch_antenna_gen_13_pop_12.vbs.
 
Ansoft HFSS Version 14.0.0, Build: 2011-10-22 21:03:32
Location: C:\Program Files\Ansoft\HFSS14.0\Win64\hfss.exe
Non Graphical Mode: No Project??
Starting Batch Run: 7:05:42 AM  Jan 27, 2019
Running as user: DESKTOP-K6646BG\DELL
Temp directory: C:\Users\DELL\AppData\Local\Temp
Project directory: C:\Users\DELL\Documents\Ansoft
[warning] Unable to find script file C:/Opt_files/temp/patch_antenna_gen_14_pop_12.vbs.
 
Ansoft HFSS Version 14.0.0, Build: 2011-10-22 21:03:32
Location: C:\Program Files\Ansoft\HFSS14.0\Win64\hfss.exe
Non Graphical Mode: No Project??
Starting Batch Run: 7:29:25 AM  Jan 27, 2019
Running as user: DESKTOP-K6646BG\DELL
Temp directory: C:\Users\DELL\AppData\Local\Temp
Project directory: C:\Users\DELL\Documents\Ansoft
[warning] Unable to find script file C:/Opt_files/temp/patch_antenna_gen_15_pop_12.vbs.
